<?xml version="1.0" encoding="UTF-8" standalone="yes"?>
<testsuites name="Forms-Standard" time="5" tests="1" failures="0" errors="0">
    <testsuite name="Forms-Standard" tests="1" failures="0" errors="0" time="5" timestamp="2019-06-07 09:19:51" hostname="ricardo.martinez - 10.134.123.63" id="Test Suites/Forms-Standard">
        <properties>
            <property name="deviceName" value=""/>
            <property name="devicePlatform" value=""/>
            <property name="logFolder" value="/Users/ricardo.martinez/git/Katalon_cases/Reports/Forms-Standard/20190607_091932"/>
            <property name="logFiles" value="/Users/ricardo.martinez/git/Katalon_cases/Reports/Forms-Standard/20190607_091932/execution0.log"/>
            <property name="attachments" value=""/>
            <property name="hostName" value="ricardo.martinez - 10.134.123.63"/>
            <property name="os" value="Mac OS X 64bit"/>
            <property name="katalonVersion" value="6.1.5.3"/>
            <property name="browser" value="Chrome 75.0.3770.80"/>
            <property name="hostAddress" value="10.134.123.63"/>
            <property name="sessionId" value="32977759b3090877a9c647f33c8a50da"/>
            <property name="seleniumVersion" value="3.7.1"/>
            <property name="proxyInformation" value="ProxyInformation{proxyOption=NO_PROXY, proxyServerType=HTTP, password=, proxyServerAddress=, proxyServerPort=0}"/>
            <property name="platform" value="Mac OS X"/>
        </properties>
        <testcase name="Test Cases/Forms_Standard/Contact_Us_Standard_Email" classname="Test Cases/Forms_Standard/Contact_Us_Standard_Email" status="PASSED">
            <system-out>2019-06-07 09:19:51 - [TEST_CASE][PASSED] - Test Cases/Forms_Standard/Contact_Us_Standard_Email: Test Cases/Forms_Standard/Contact_Us_Standard_Email

2019-06-07 09:19:52 - [TEST_STEP][PASSED] - log = new com.kms.katalon.core.logging.KeywordLogger(): null

2019-06-07 09:19:52 - [TEST_STEP][PASSED] - openBrowser(""): Browser is opened with url: ''

2019-06-07 09:19:52 - [MESSAGE][INFO] - Starting 'Chrome (headless)' driver

2019-06-07 09:19:52 - [MESSAGE][INFO] - Action delay is set to 0 seconds

2019-06-07 09:19:53 - [MESSAGE][PASSED] - Browser is opened with url: ''

2019-06-07 09:19:53 - [TEST_STEP][PASSED] - contactURL = concatenate([URLBase, URLStubContact], STOP_ON_FAILURE): Concatenated string array: '['https://willdrakesandbox.cms.dealer.com/','contact.htm']' into 'https://willdrakesandbox.cms.dealer.com/contact.htm'

2019-06-07 09:19:53 - [MESSAGE][PASSED] - Concatenated string array: '['https://willdrakesandbox.cms.dealer.com/','contact.htm']' into 'https://willdrakesandbox.cms.dealer.com/contact.htm'

2019-06-07 09:19:53 - [TEST_STEP][PASSED] - navigateToUrl(contactURL): Navigate to 'https://willdrakesandbox.cms.dealer.com/contact.htm' successfully

2019-06-07 09:19:54 - [MESSAGE][PASSED] - Navigate to 'https://willdrakesandbox.cms.dealer.com/contact.htm' successfully

2019-06-07 09:19:54 - [TEST_STEP][PASSED] - oem = executeJavaScript("return DDC.dataLayer.site.franchises;", null): Execute JavaScript 'return DDC.dataLayer.site.franchises;' successfully

2019-06-07 09:19:55 - [MESSAGE][PASSED] - Execute JavaScript 'return DDC.dataLayer.site.franchises;' successfully

2019-06-07 09:19:55 - [TEST_STEP][PASSED] - stripChars = { java.lang.Object string, java.lang.Object stripChars -&gt; ... }: null

2019-06-07 09:19:55 - [TEST_STEP][PASSED] - cleanOEM = stripChars.call(oem, "["]"): null

2019-06-07 09:19:55 - [TEST_STEP][PASSED] - println(cleanOEM): null

2019-06-07 09:19:55 - [TEST_STEP][PASSED] - switch (cleanOEM): null

2019-06-07 09:19:55 - [TEST_STEP][PASSED] - Default: null

2019-06-07 09:19:55 - [TEST_STEP][PASSED] - break: null

2019-06-07 09:19:55 - [TEST_STEP][PASSED] - setText(findTestObject("Forms_Standard/Contact_Us/FirstName"), FirstName): Text 'Dealer' is set on object 'Object Repository/Forms_Standard/Contact_Us/FirstName'

2019-06-07 09:19:55 - [MESSAGE][PASSED] - Text 'Dealer' is set on object 'Object Repository/Forms_Standard/Contact_Us/FirstName'

2019-06-07 09:19:55 - [TEST_STEP][PASSED] - setText(findTestObject("Forms_Standard/Contact_Us/LastName"), LastName): Text 'Dealercom' is set on object 'Object Repository/Forms_Standard/Contact_Us/LastName'

2019-06-07 09:19:55 - [MESSAGE][PASSED] - Text 'Dealercom' is set on object 'Object Repository/Forms_Standard/Contact_Us/LastName'

2019-06-07 09:19:55 - [TEST_STEP][PASSED] - log.logInfo(" What's up dude"):  What's up dude

2019-06-07 09:19:55 - [MESSAGE][INFO] -  What's up dude

2019-06-07 09:19:55 - [TEST_STEP][PASSED] - selectOptionByLabel(findTestObject("Forms_Standard/Contact_Us/PreferredContact"), "Email", false): All options with label 'Email' are selected in object 'Object Repository/Forms_Standard/Contact_Us/PreferredContact' 

2019-06-07 09:19:55 - [MESSAGE][PASSED] - All options with label 'Email' are selected in object 'Object Repository/Forms_Standard/Contact_Us/PreferredContact' 

2019-06-07 09:19:55 - [TEST_STEP][PASSED] - setText(findTestObject("Forms_Standard/Contact_Us/EmailAddress"), Email): Text 'test@test.com' is set on object 'Object Repository/Forms_Standard/Contact_Us/EmailAddress'

2019-06-07 09:19:55 - [MESSAGE][PASSED] - Text 'test@test.com' is set on object 'Object Repository/Forms_Standard/Contact_Us/EmailAddress'

2019-06-07 09:19:55 - [TEST_STEP][PASSED] - setText(findTestObject("Forms_Standard/Contact_Us/CommentForm"), "This is a Test Lead to verify the Contact Us form functionality using Phone as preferred method."): Text 'This is a Test Lead to verify the Contact Us form functionality using Phone as preferred method.' is set on object 'Object Repository/Forms_Standard/Contact_Us/CommentForm'

2019-06-07 09:19:55 - [MESSAGE][PASSED] - Text 'This is a Test Lead to verify the Contact Us form functionality using Phone as preferred method.' is set on object 'Object Repository/Forms_Standard/Contact_Us/CommentForm'

2019-06-07 09:19:55 - [TEST_STEP][PASSED] - click(findTestObject("Forms_Standard/Contact_Us/SubmitButton")): Object: 'Object Repository/Forms_Standard/Contact_Us/SubmitButton' is clicked on

2019-06-07 09:19:56 - [MESSAGE][PASSED] - Object: 'Object Repository/Forms_Standard/Contact_Us/SubmitButton' is clicked on

2019-06-07 09:19:56 - [TEST_STEP][PASSED] - closeBrowser(): Browser is closed

2019-06-07 09:19:56 - [MESSAGE][PASSED] - Browser is closed</system-out>
            <system-err></system-err>
        </testcase>
        <system-out>2019-06-07 09:19:51 - [TEST_SUITE][INCOMPLETE] - Forms-Standard: null</system-out>
        <system-err>2019-06-07 09:19:51 - [TEST_SUITE][INCOMPLETE] - Forms-Standard: null</system-err>
    </testsuite>
</testsuites>
